2025-09-29 13:04:05,961 - INFO - === Celebrity Identity Dataset Setup ===
2025-09-29 13:04:05,962 - ERROR - Dataset zip not found: ./dataset/celeba-dataset.zip
2025-09-29 13:13:59,320 - INFO - === Celebrity Identity Dataset Setup ===
2025-09-29 13:13:59,327 - INFO - Loading identity file: ./dataset/identity_CelebA.txt
2025-09-29 13:13:59,438 - INFO - Loaded 202599 image-celebrity mappings
2025-09-29 13:13:59,442 - INFO - Number of unique celebrities: 10177
2025-09-29 13:13:59,443 - INFO - Celebrity ID range: 1 to 10177
2025-09-29 13:13:59,443 - INFO - Sampling 100 images from 202599 total
2025-09-29 13:13:59,456 - INFO - Subset statistics:
2025-09-29 13:13:59,456 - INFO -   Total images: 100
2025-09-29 13:13:59,456 - INFO -   Unique celebrities: 99
2025-09-29 13:13:59,458 - INFO -   Images per celebrity - Min: 1, Max: 2, Mean: 1.0
2025-09-29 13:13:59,467 - INFO - Extracting 100 images...
2025-09-29 13:14:03,007 - INFO - ✓ Extracted 100 images to ./dataset/celeba-100/img_align_celeba
2025-09-29 13:14:03,070 - INFO - Data split - Train: 80, Val: 20
2025-09-29 13:14:03,092 - INFO - ✓ Identity files saved to: ./dataset/celeba-100
2025-09-29 13:14:03,092 - INFO - ============================================================
2025-09-29 13:14:03,093 - INFO - DATASET READY FOR TRAINING!
2025-09-29 13:14:03,094 - INFO - ✓ Dataset location: ./dataset/celeba-100
2025-09-29 13:14:03,096 - INFO - ✓ Total images: 100
2025-09-29 13:14:03,097 - INFO - ✓ Celebrities: 99
2025-09-29 13:14:03,098 - INFO - ✓ Train images: 80
2025-09-29 13:14:03,099 - INFO - ✓ Val images: 20
2025-09-29 13:14:03,100 - INFO - 
Next step: Train the model
2025-09-29 13:14:03,101 - INFO -   python src/training/trainer.py
2025-09-29 13:14:03,102 - INFO - ============================================================
